2020-06-06 02:11:43 | [INFO]    | Discordia 2.8.3
2020-06-06 02:11:43 | [INFO]    | Connecting to Discord...
2020-06-06 02:11:43 | [INFO]    | Authenticated as Hakuna Matata#8849
2020-06-06 02:11:44 | [INFO]    | Launching shard 0 (1 out of 1)...
2020-06-06 02:11:44 | [INFO]    | Shard 0 : Connected to wss://gateway.discord.gg
2020-06-06 02:11:44 | [INFO]    | Shard 0 : Received HELLO
2020-06-06 02:11:44 | [INFO]    | Shard 0 : Received READY
2020-06-06 02:21:17 | [INFO]    | Discordia 2.8.3
2020-06-06 02:21:17 | [INFO]    | Connecting to Discord...
2020-06-06 02:21:17 | [INFO]    | Authenticated as Hakuna Matata#8849
2020-06-06 02:21:17 | [INFO]    | Launching shard 0 (1 out of 1)...
2020-06-06 02:21:17 | [INFO]    | Shard 0 : Connected to wss://gateway.discord.gg
2020-06-06 02:21:17 | [INFO]    | Shard 0 : Received HELLO
2020-06-06 02:21:17 | [INFO]    | Shard 0 : Received READY
2020-06-06 02:23:15 | [INFO]    | Discordia 2.8.3
2020-06-06 02:23:15 | [INFO]    | Connecting to Discord...
2020-06-06 02:23:15 | [INFO]    | Authenticated as Hakuna Matata#8849
2020-06-06 02:23:15 | [INFO]    | Launching shard 0 (1 out of 1)...
2020-06-06 02:23:15 | [INFO]    | Shard 0 : Connected to wss://gateway.discord.gg
2020-06-06 02:23:15 | [INFO]    | Shard 0 : Received HELLO
2020-06-06 02:23:16 | [INFO]    | Shard 0 : Received READY
2020-06-06 02:24:22 | [INFO]    | Discordia 2.8.3
2020-06-06 02:24:22 | [INFO]    | Connecting to Discord...
2020-06-06 02:24:23 | [INFO]    | Authenticated as Hakuna Matata#8849
2020-06-06 02:24:23 | [INFO]    | Launching shard 0 (1 out of 1)...
2020-06-06 02:24:23 | [INFO]    | Shard 0 : Connected to wss://gateway.discord.gg
2020-06-06 02:24:23 | [INFO]    | Shard 0 : Received HELLO
2020-06-06 02:24:23 | [INFO]    | Shard 0 : Received READY
